<?xml version="1.0" encoding="UTF-8"?>
<!-- Generated by org.testng.reporters.JUnitXMLReporter -->
<testsuite hostname="LAPTOP-91EM3E8D" ignored="0" tests="0" failures="0" timestamp="26 Nov 2017 14:22:23 GMT" time="0.001" errors="0">
</testsuite>
