<?xml version="1.0" encoding="UTF-8"?>
<!-- Generated by org.testng.reporters.JUnitReportReporter -->
<testsuite skipped="0" hostname="LAPTOP-91EM3E8D" name="Test.Date_Select" tests="1" failures="0" timestamp="25 Nov 2017 14:10:18 GMT" time="0.057" errors="0">
  <testcase name="getCurrentDate" time="0.057" classname="Test.Date_Select"/>
</testsuite> <!-- Test.Date_Select -->
