<?xml version="1.0" encoding="UTF-8"?>
<!-- Generated by org.testng.reporters.JUnitReportReporter -->
<testsuite skipped="0" hostname="LAPTOP-91EM3E8D" name="TestNG_.TestNG_Sample" tests="1" failures="0" timestamp="04 Nov 2017 17:38:41 GMT" time="0.009" errors="0">
  <testcase name="chkFunction3test" time="0.009" classname="TestNG_.TestNG_Sample"/>
</testsuite> <!-- TestNG_.TestNG_Sample -->
