<?xml version="1.0" encoding="UTF-8"?>
<!-- Generated by org.testng.reporters.JUnitReportReporter -->
<testsuite skipped="0" hostname="LAPTOP-91EM3E8D" name="TestNG_.MyNewTNG" tests="1" failures="0" timestamp="26 Nov 2017 14:50:30 GMT" time="0.002" errors="0">
  <testcase name="f" time="0.002" classname="TestNG_.MyNewTNG"/>
</testsuite> <!-- TestNG_.MyNewTNG -->
